<?xml version="1.0" encoding="UTF-8"?>
<!-- Generated by org.testng.reporters.JUnitReportReporter -->
<testsuite hostname="5062a74759fb" failures="0" tests="9" name="com.leo.tests.vendorportal.VendorPortalTest" time="15.071" errors="0" timestamp="2024-12-23T02:44:34 GMT" skipped="0">
  <testcase classname="com.leo.tests.vendorportal.VendorPortalTest" name="dashboardTest" time="2.469"/>
  <testcase classname="com.leo.tests.vendorportal.VendorPortalTest" name="dashboardTest" time="1.679"/>
  <testcase classname="com.leo.tests.vendorportal.VendorPortalTest" name="logoutTest" time="1.246"/>
  <testcase classname="com.leo.tests.vendorportal.VendorPortalTest" name="loginTest" time="1.390"/>
  <testcase classname="com.leo.tests.vendorportal.VendorPortalTest" name="loginTest" time="1.380"/>
  <testcase classname="com.leo.tests.vendorportal.VendorPortalTest" name="logoutTest" time="1.394"/>
  <testcase classname="com.leo.tests.vendorportal.VendorPortalTest" name="loginTest" time="1.418"/>
  <testcase classname="com.leo.tests.vendorportal.VendorPortalTest" name="logoutTest" time="1.221"/>
  <testcase classname="com.leo.tests.vendorportal.VendorPortalTest" name="dashboardTest" time="2.874"/>
</testsuite> <!-- com.leo.tests.vendorportal.VendorPortalTest -->
